d:\games  programming\c++\consoletetris\consoletetris\consoletetris\x64\debug\vc143.pdb
d:\games  programming\c++\consoletetris\consoletetris\consoletetris\x64\debug\vc143.idb
d:\games  programming\c++\consoletetris\consoletetris\consoletetris\x64\debug\consolescreen.nativecodeanalysis.sarif
d:\games  programming\c++\consoletetris\consoletetris\consoletetris\x64\debug\consolescreen.nativecodeanalysis.xml
d:\games  programming\c++\consoletetris\consoletetris\consoletetris\x64\debug\main.nativecodeanalysis.sarif
d:\games  programming\c++\consoletetris\consoletetris\consoletetris\x64\debug\main.nativecodeanalysis.xml
d:\games  programming\c++\consoletetris\consoletetris\consoletetris\x64\debug\gamefield.nativecodeanalysis.sarif
d:\games  programming\c++\consoletetris\consoletetris\consoletetris\x64\debug\gamefield.nativecodeanalysis.xml
d:\games  programming\c++\consoletetris\consoletetris\consoletetris\x64\debug\tetrisgame.nativecodeanalysis.sarif
d:\games  programming\c++\consoletetris\consoletetris\consoletetris\x64\debug\tetrisgame.nativecodeanalysis.xml
d:\games  programming\c++\consoletetris\consoletetris\consoletetris\x64\debug\tetromino.nativecodeanalysis.sarif
d:\games  programming\c++\consoletetris\consoletetris\consoletetris\x64\debug\tetromino.nativecodeanalysis.xml
d:\games  programming\c++\consoletetris\consoletetris\consoletetris\x64\debug\tetromino.obj
d:\games  programming\c++\consoletetris\consoletetris\consoletetris\x64\debug\tetrisgame.obj
d:\games  programming\c++\consoletetris\consoletetris\consoletetris\x64\debug\gamefield.obj
d:\games  programming\c++\consoletetris\consoletetris\consoletetris\x64\debug\main.obj
d:\games  programming\c++\consoletetris\consoletetris\consoletetris\x64\debug\consolescreen.obj
d:\games  programming\c++\consoletetris\consoletetris\x64\debug\consoletetris.exe
d:\games  programming\c++\consoletetris\consoletetris\x64\debug\consoletetris.pdb
d:\games  programming\c++\consoletetris\consoletetris\consoletetris\x64\debug\consoletetris.ilk
d:\games  programming\c++\consoletetris\consoletetris\consoletetris\x64\debug\vc.nativecodeanalysis.all.xml
d:\games  programming\c++\consoletetris\consoletetris\consoletetris\x64\debug\consoletetris.tlog\cl.command.1.tlog
d:\games  programming\c++\consoletetris\consoletetris\consoletetris\x64\debug\consoletetris.tlog\cl.items.tlog
d:\games  programming\c++\consoletetris\consoletetris\consoletetris\x64\debug\consoletetris.tlog\cl.read.1.tlog
d:\games  programming\c++\consoletetris\consoletetris\consoletetris\x64\debug\consoletetris.tlog\cl.write.1.tlog
d:\games  programming\c++\consoletetris\consoletetris\consoletetris\x64\debug\consoletetris.tlog\link.command.1.tlog
d:\games  programming\c++\consoletetris\consoletetris\consoletetris\x64\debug\consoletetris.tlog\link.read.1.tlog
d:\games  programming\c++\consoletetris\consoletetris\consoletetris\x64\debug\consoletetris.tlog\link.secondary.1.tlog
d:\games  programming\c++\consoletetris\consoletetris\consoletetris\x64\debug\consoletetris.tlog\link.write.1.tlog
